<?xml version="1.0" encoding="UTF-8"?>
<testsuite name="CalculadoraTest" tests="6" skipped="0" failures="0" errors="0" timestamp="2022-05-26T20:30:00" hostname="LAPTOP-ED8INV3D" time="0.025">
  <properties/>
  <testcase name="multiplicacaoTest()" classname="CalculadoraTest" time="0.021"/>
  <testcase name="divisaoTest()" classname="CalculadoraTest" time="0.001"/>
  <testcase name="subtracaoTest()" classname="CalculadoraTest" time="0.001"/>
  <testcase name="potenciaTest()" classname="CalculadoraTest" time="0.001"/>
  <testcase name="raizTest()" classname="CalculadoraTest" time="0.0"/>
  <testcase name="somaTest()" classname="CalculadoraTest" time="0.0"/>
  <system-out><![CDATA[]]></system-out>
  <system-err><![CDATA[]]></system-err>
</testsuite>
